<?xml version="1.0" encoding="UTF-8"?>
<!-- Generated by org.testng.reporters.JUnitReportReporter -->
<testsuite hostname="IBM-DOTNET-001" name="Testng.demo2" tests="2" failures="0" timestamp="20 Sep 2020 07:47:06 GMT" time="0.014" errors="0">
  <testcase name="testcase2" time="0.006" classname="Testng.demo2"/>
  <testcase name="testcase3" time="0.008" classname="Testng.demo2"/>
</testsuite> <!-- Testng.demo2 -->
