<?xml version="1.0" encoding="UTF-8"?>
<!-- Generated by org.testng.reporters.JUnitReportReporter -->
<testsuite hostname="IBM-DOTNET-001" name="Testng.Demo7" tests="2" failures="0" timestamp="26 Sep 2020 06:14:21 GMT" time="0.016" errors="0">
  <testcase name="testcase1" time="0.015" classname="Testng.Demo7"/>
  <testcase name="testcase3" time="0.001" classname="Testng.Demo7"/>
</testsuite> <!-- Testng.Demo7 -->
