<?xml version="1.0" encoding="UTF-8"?>
<!-- Generated by org.testng.reporters.JUnitReportReporter -->
<testsuite hostname="IBM-DOTNET-001" name="Testng.Demo3" tests="4" failures="0" timestamp="26 Sep 2020 04:20:40 GMT" time="0.021" errors="0">
  <testcase name="aditi" time="0.002" classname="Testng.Demo3"/>
  <testcase name="dhanya" time="0.002" classname="Testng.Demo3"/>
  <testcase name="bindu" time="0.015" classname="Testng.Demo3"/>
  <testcase name="cat" time="0.002" classname="Testng.Demo3"/>
</testsuite> <!-- Testng.Demo3 -->
