<?xml version="1.0" encoding="UTF-8"?>
<!-- Generated by org.testng.reporters.JUnitReportReporter -->
<testsuite hostname="IBM-DOTNET-001" name="Testng.Demo8" tests="2" failures="0" timestamp="26 Sep 2020 07:01:04 GMT" time="20.624" errors="0">
  <testcase name="testcase1" time="8.766" classname="Testng.Demo8"/>
  <testcase name="testcase1" time="11.858" classname="Testng.Demo8"/>
</testsuite> <!-- Testng.Demo8 -->
