<?xml version="1.0" encoding="UTF-8"?>
<!-- Generated by org.testng.reporters.JUnitReportReporter -->
<testsuite hostname="IBM-DOTNET-001" name="Demo.testng" tests="2" failures="0" timestamp="20 Sep 2020 07:07:44 GMT" time="0.018" errors="0">
  <testcase name="testcase2" time="0.007" classname="Demo.testng"/>
  <testcase name="testcase1" time="0.011" classname="Demo.testng"/>
</testsuite> <!-- Demo.testng -->
