<?xml version="1.0" encoding="UTF-8"?>
<!-- Generated by org.testng.reporters.JUnitReportReporter -->
<testsuite hostname="IBM-DOTNET-001" name="Testng.Demo5" tests="3" failures="0" timestamp="26 Sep 2020 05:33:18 GMT" time="1.026" errors="0">
  <testcase name="bindu" time="0.002" classname="Testng.Demo5"/>
  <testcase name="dhanya" time="1.011" classname="Testng.Demo5"/>
  <testcase name="aditi" time="0.013" classname="Testng.Demo5"/>
</testsuite> <!-- Testng.Demo5 -->
