<?xml version="1.0" encoding="UTF-8"?>
<!-- Generated by org.testng.reporters.JUnitReportReporter -->
<testsuite hostname="IBM-DOTNET-001" name="Testng.Demo9" tests="2" failures="0" timestamp="26 Sep 2020 07:24:41 GMT" time="9.408" errors="0">
  <testcase name="testcase1" time="4.703" classname="Testng.Demo9"/>
  <testcase name="testcase1" time="4.705" classname="Testng.Demo9"/>
</testsuite> <!-- Testng.Demo9 -->
